2023-05-03 22:21:55 0 [Note] Starting MariaDB 10.4.28-MariaDB source revision c8f2e9a5c0ac5905f28b050b7df5a9ffd914b7e7 as process 3880
2023-05-03 22:21:56 0 [Note] InnoDB: Mutexes and rw_locks use Windows interlocked functions
2023-05-03 22:21:56 0 [Note] InnoDB: Uses event mutexes
2023-05-03 22:21:56 0 [Note] InnoDB: Compressed tables use zlib 1.2.12
2023-05-03 22:21:56 0 [Note] InnoDB: Number of pools: 1
2023-05-03 22:21:56 0 [Note] InnoDB: Using SSE2 crc32 instructions
2023-05-03 22:21:56 0 [Note] InnoDB: Initializing buffer pool, total size = 16M, instances = 1, chunk size = 16M
2023-05-03 22:21:56 0 [Note] InnoDB: Completed initialization of buffer pool
2023-05-03 22:21:56 0 [Note] InnoDB: Starting crash recovery from checkpoint LSN=300288
2023-05-03 22:21:56 0 [Note] InnoDB: 128 out of 128 rollback segments are active.
2023-05-03 22:21:56 0 [Note] InnoDB: Removed temporary tablespace data file: "ibtmp1"
2023-05-03 22:21:56 0 [Note] InnoDB: Creating shared tablespace for temporary tables
2023-05-03 22:21:56 0 [Note] InnoDB: Setting file 'D:\xampp\mysql\data\ibtmp1' size to 12 MB. Physically writing the file full; Please wait ...
2023-05-03 22:21:56 0 [Note] InnoDB: File 'D:\xampp\mysql\data\ibtmp1' size is now 12 MB.
2023-05-03 22:21:56 0 [Note] InnoDB: Waiting for purge to start
2023-05-03 22:21:56 0 [Note] InnoDB: 10.4.28 started; log sequence number 300297; transaction id 170
2023-05-03 22:21:56 0 [Note] InnoDB: Loading buffer pool(s) from D:\xampp\mysql\data\ib_buffer_pool
2023-05-03 22:21:56 0 [Note] Plugin 'FEEDBACK' is disabled.
2023-05-03 22:21:56 0 [Note] Server socket created on IP: '::'.
2023-05-03 22:21:57 0 [Note] InnoDB: Buffer pool(s) load completed at 230503 22:21:57
2023-05-03 22:21:57 0 [ERROR] Can't start server: Bind on TCP/IP port. Got error: 10048: Only one usage of each socket address (protocol/network address/port) is normally permitted.

2023-05-03 22:21:57 0 [ERROR] Do you already have another mysqld server running on port: 3306 ?
2023-05-03 22:21:57 0 [ERROR] Aborting
2023-05-03 22:22:05 0 [Note] Starting MariaDB 10.4.28-MariaDB source revision c8f2e9a5c0ac5905f28b050b7df5a9ffd914b7e7 as process 4820
2023-05-03 22:22:05 0 [Note] InnoDB: Mutexes and rw_locks use Windows interlocked functions
2023-05-03 22:22:05 0 [Note] InnoDB: Uses event mutexes
2023-05-03 22:22:05 0 [Note] InnoDB: Compressed tables use zlib 1.2.12
2023-05-03 22:22:05 0 [Note] InnoDB: Number of pools: 1
2023-05-03 22:22:05 0 [Note] InnoDB: Using SSE2 crc32 instructions
2023-05-03 22:22:05 0 [Note] InnoDB: Initializing buffer pool, total size = 16M, instances = 1, chunk size = 16M
2023-05-03 22:22:05 0 [Note] InnoDB: Completed initialization of buffer pool
2023-05-03 22:22:06 0 [Note] InnoDB: 128 out of 128 rollback segments are active.
2023-05-03 22:22:06 0 [Note] InnoDB: Creating shared tablespace for temporary tables
2023-05-03 22:22:06 0 [Note] InnoDB: Setting file 'D:\xampp\mysql\data\ibtmp1' size to 12 MB. Physically writing the file full; Please wait ...
2023-05-03 22:22:06 0 [Note] InnoDB: File 'D:\xampp\mysql\data\ibtmp1' size is now 12 MB.
2023-05-03 22:22:06 0 [Note] InnoDB: Waiting for purge to start
2023-05-03 22:22:06 0 [Note] InnoDB: 10.4.28 started; log sequence number 300306; transaction id 170
2023-05-03 22:22:06 0 [Note] Plugin 'FEEDBACK' is disabled.
2023-05-03 22:22:06 0 [Note] InnoDB: Loading buffer pool(s) from D:\xampp\mysql\data\ib_buffer_pool
2023-05-03 22:22:06 0 [Note] Server socket created on IP: '::'.
2023-05-03 22:22:06 0 [ERROR] Can't start server: Bind on TCP/IP port. Got error: 10048: Only one usage of each socket address (protocol/network address/port) is normally permitted.

2023-05-03 22:22:06 0 [ERROR] Do you already have another mysqld server running on port: 3306 ?
2023-05-03 22:22:06 0 [ERROR] Aborting
2023-05-10 18:04:49 0 [Note] Starting MariaDB 10.4.28-MariaDB source revision c8f2e9a5c0ac5905f28b050b7df5a9ffd914b7e7 as process 6308
2023-05-10 18:04:49 0 [Note] InnoDB: Mutexes and rw_locks use Windows interlocked functions
2023-05-10 18:04:49 0 [Note] InnoDB: Uses event mutexes
2023-05-10 18:04:49 0 [Note] InnoDB: Compressed tables use zlib 1.2.12
2023-05-10 18:04:49 0 [Note] InnoDB: Number of pools: 1
2023-05-10 18:04:49 0 [Note] InnoDB: Using SSE2 crc32 instructions
2023-05-10 18:04:49 0 [Note] InnoDB: Initializing buffer pool, total size = 16M, instances = 1, chunk size = 16M
2023-05-10 18:04:49 0 [Note] InnoDB: Completed initialization of buffer pool
2023-05-10 18:04:50 0 [Note] InnoDB: 128 out of 128 rollback segments are active.
2023-05-10 18:04:50 0 [Note] InnoDB: Creating shared tablespace for temporary tables
2023-05-10 18:04:50 0 [Note] InnoDB: Setting file 'D:\xampp\mysql\data\ibtmp1' size to 12 MB. Physically writing the file full; Please wait ...
2023-05-10 18:04:50 0 [Note] InnoDB: File 'D:\xampp\mysql\data\ibtmp1' size is now 12 MB.
2023-05-10 18:04:50 0 [Note] InnoDB: Waiting for purge to start
2023-05-10 18:04:50 0 [Note] InnoDB: 10.4.28 started; log sequence number 300315; transaction id 170
2023-05-10 18:04:50 0 [Note] InnoDB: Loading buffer pool(s) from D:\xampp\mysql\data\ib_buffer_pool
2023-05-10 18:04:50 0 [Note] Plugin 'FEEDBACK' is disabled.
2023-05-10 18:04:50 0 [Note] InnoDB: Buffer pool(s) load completed at 230510 18:04:50
2023-05-10 18:04:50 0 [Note] Server socket created on IP: '::'.
2023-05-10 18:04:50 0 [ERROR] Can't start server: Bind on TCP/IP port. Got error: 10048: Only one usage of each socket address (protocol/network address/port) is normally permitted.

2023-05-10 18:04:50 0 [ERROR] Do you already have another mysqld server running on port: 3306 ?
2023-05-10 18:04:50 0 [ERROR] Aborting
2023-05-10 18:05:24 0 [Note] Starting MariaDB 10.4.28-MariaDB source revision c8f2e9a5c0ac5905f28b050b7df5a9ffd914b7e7 as process 18036
2023-05-10 18:05:24 0 [Note] InnoDB: Mutexes and rw_locks use Windows interlocked functions
2023-05-10 18:05:24 0 [Note] InnoDB: Uses event mutexes
2023-05-10 18:05:24 0 [Note] InnoDB: Compressed tables use zlib 1.2.12
2023-05-10 18:05:24 0 [Note] InnoDB: Number of pools: 1
2023-05-10 18:05:24 0 [Note] InnoDB: Using SSE2 crc32 instructions
2023-05-10 18:05:24 0 [Note] InnoDB: Initializing buffer pool, total size = 16M, instances = 1, chunk size = 16M
2023-05-10 18:05:24 0 [Note] InnoDB: Completed initialization of buffer pool
2023-05-10 18:05:25 0 [Note] InnoDB: 128 out of 128 rollback segments are active.
2023-05-10 18:05:25 0 [Note] InnoDB: Creating shared tablespace for temporary tables
2023-05-10 18:05:25 0 [Note] InnoDB: Setting file 'D:\xampp\mysql\data\ibtmp1' size to 12 MB. Physically writing the file full; Please wait ...
2023-05-10 18:05:25 0 [Note] InnoDB: File 'D:\xampp\mysql\data\ibtmp1' size is now 12 MB.
2023-05-10 18:05:25 0 [Note] InnoDB: Waiting for purge to start
2023-05-10 18:05:25 0 [Note] InnoDB: 10.4.28 started; log sequence number 300324; transaction id 170
2023-05-10 18:05:25 0 [Note] InnoDB: Loading buffer pool(s) from D:\xampp\mysql\data\ib_buffer_pool
2023-05-10 18:05:25 0 [Note] Plugin 'FEEDBACK' is disabled.
2023-05-10 18:05:25 0 [Note] InnoDB: Buffer pool(s) load completed at 230510 18:05:25
2023-05-10 18:05:25 0 [Note] Server socket created on IP: '::'.
2023-05-10 18:15:46 0 [Note] Starting MariaDB 10.4.28-MariaDB source revision c8f2e9a5c0ac5905f28b050b7df5a9ffd914b7e7 as process 22064
2023-05-10 18:15:46 0 [Note] InnoDB: Mutexes and rw_locks use Windows interlocked functions
2023-05-10 18:15:46 0 [Note] InnoDB: Uses event mutexes
2023-05-10 18:15:46 0 [Note] InnoDB: Compressed tables use zlib 1.2.12
2023-05-10 18:15:46 0 [Note] InnoDB: Number of pools: 1
2023-05-10 18:15:46 0 [Note] InnoDB: Using SSE2 crc32 instructions
2023-05-10 18:15:46 0 [Note] InnoDB: Initializing buffer pool, total size = 16M, instances = 1, chunk size = 16M
2023-05-10 18:15:46 0 [Note] InnoDB: Completed initialization of buffer pool
2023-05-10 18:15:46 0 [Note] InnoDB: Starting crash recovery from checkpoint LSN=303792
2023-05-10 18:15:47 0 [Note] InnoDB: 128 out of 128 rollback segments are active.
2023-05-10 18:15:47 0 [Note] InnoDB: Removed temporary tablespace data file: "ibtmp1"
2023-05-10 18:15:47 0 [Note] InnoDB: Creating shared tablespace for temporary tables
2023-05-10 18:15:47 0 [Note] InnoDB: Setting file 'D:\xampp\mysql\data\ibtmp1' size to 12 MB. Physically writing the file full; Please wait ...
2023-05-10 18:15:47 0 [Note] InnoDB: File 'D:\xampp\mysql\data\ibtmp1' size is now 12 MB.
2023-05-10 18:15:47 0 [Note] InnoDB: Waiting for purge to start
2023-05-10 18:15:47 0 [Note] InnoDB: 10.4.28 started; log sequence number 303801; transaction id 193
2023-05-10 18:15:47 0 [Note] InnoDB: Loading buffer pool(s) from D:\xampp\mysql\data\ib_buffer_pool
2023-05-10 18:15:47 0 [Note] Plugin 'FEEDBACK' is disabled.
2023-05-10 18:15:47 0 [Note] Server socket created on IP: '::'.
2023-05-12 19:54:14 0 [Note] Starting MariaDB 10.4.28-MariaDB source revision c8f2e9a5c0ac5905f28b050b7df5a9ffd914b7e7 as process 9580
2023-05-12 19:54:14 0 [Note] InnoDB: Mutexes and rw_locks use Windows interlocked functions
2023-05-12 19:54:14 0 [Note] InnoDB: Uses event mutexes
2023-05-12 19:54:14 0 [Note] InnoDB: Compressed tables use zlib 1.2.12
2023-05-12 19:54:14 0 [Note] InnoDB: Number of pools: 1
2023-05-12 19:54:14 0 [Note] InnoDB: Using SSE2 crc32 instructions
2023-05-12 19:54:14 0 [Note] InnoDB: Initializing buffer pool, total size = 16M, instances = 1, chunk size = 16M
2023-05-12 19:54:14 0 [Note] InnoDB: Completed initialization of buffer pool
2023-05-12 19:54:15 0 [Note] InnoDB: Starting crash recovery from checkpoint LSN=2166414
2023-05-12 19:54:16 0 [Note] InnoDB: 128 out of 128 rollback segments are active.
2023-05-12 19:54:16 0 [Note] InnoDB: Removed temporary tablespace data file: "ibtmp1"
2023-05-12 19:54:16 0 [Note] InnoDB: Creating shared tablespace for temporary tables
2023-05-12 19:54:16 0 [Note] InnoDB: Setting file 'D:\xampp\mysql\data\ibtmp1' size to 12 MB. Physically writing the file full; Please wait ...
2023-05-12 19:54:16 0 [Note] InnoDB: File 'D:\xampp\mysql\data\ibtmp1' size is now 12 MB.
2023-05-12 19:54:16 0 [Note] InnoDB: Waiting for purge to start
2023-05-12 19:54:16 0 [Note] InnoDB: 10.4.28 started; log sequence number 2166423; transaction id 818
2023-05-12 19:54:16 0 [Note] Plugin 'FEEDBACK' is disabled.
2023-05-12 19:54:16 0 [Note] InnoDB: Loading buffer pool(s) from D:\xampp\mysql\data\ib_buffer_pool
2023-05-12 19:54:17 0 [Note] Server socket created on IP: '::'.
2023-05-13 19:08:09 0 [Note] Starting MariaDB 10.4.28-MariaDB source revision c8f2e9a5c0ac5905f28b050b7df5a9ffd914b7e7 as process 10044
2023-05-13 19:08:09 0 [Note] InnoDB: Mutexes and rw_locks use Windows interlocked functions
2023-05-13 19:08:09 0 [Note] InnoDB: Uses event mutexes
2023-05-13 19:08:09 0 [Note] InnoDB: Compressed tables use zlib 1.2.12
2023-05-13 19:08:09 0 [Note] InnoDB: Number of pools: 1
2023-05-13 19:08:09 0 [Note] InnoDB: Using SSE2 crc32 instructions
2023-05-13 19:08:09 0 [Note] InnoDB: Initializing buffer pool, total size = 16M, instances = 1, chunk size = 16M
2023-05-13 19:08:09 0 [Note] InnoDB: Completed initialization of buffer pool
2023-05-13 19:08:09 0 [Note] InnoDB: Starting crash recovery from checkpoint LSN=6837241
2023-05-13 19:08:09 0 [Note] InnoDB: 128 out of 128 rollback segments are active.
2023-05-13 19:08:09 0 [Note] InnoDB: Removed temporary tablespace data file: "ibtmp1"
2023-05-13 19:08:09 0 [Note] InnoDB: Creating shared tablespace for temporary tables
2023-05-13 19:08:09 0 [Note] InnoDB: Setting file 'C:\xampp\mysql\data\ibtmp1' size to 12 MB. Physically writing the file full; Please wait ...
2023-05-13 19:08:09 0 [Note] InnoDB: File 'C:\xampp\mysql\data\ibtmp1' size is now 12 MB.
2023-05-13 19:08:09 0 [Note] InnoDB: Waiting for purge to start
2023-05-13 19:08:09 0 [Note] InnoDB: 10.4.28 started; log sequence number 6837266; transaction id 2143
2023-05-13 19:08:09 0 [Note] InnoDB: Loading buffer pool(s) from C:\xampp\mysql\data\ib_buffer_pool
2023-05-13 19:08:09 0 [Note] Plugin 'FEEDBACK' is disabled.
2023-05-13 19:08:09 0 [Note] Server socket created on IP: '::'.
2023-05-13 19:08:09 0x1254  InnoDB: Assertion failure in file D:\winx64-packages\build\src\storage\innobase\os\os0file.cc line 6154
InnoDB: Failing assertion: slot
InnoDB: We intentionally generate a memory trap.
InnoDB: Submit a detailed bug report to https://jira.mariadb.org/
InnoDB: If you get repeated assertion failures or crashes, even
InnoDB: immediately after the mysqld startup, there may be
InnoDB: corruption in the InnoDB tablespace. Please refer to
InnoDB: https://mariadb.com/kb/en/library/innodb-recovery-modes/
InnoDB: about forcing recovery.
2023-05-13 19:08:09 0x694  InnoDB: Assertion failure in file D:\winx64-packages\build\src\storage\innobase\os\os0file.cc line 6154
InnoDB: Failing assertion: slot
InnoDB: We intentionally generate a memory trap.
InnoDB: Submit a detailed bug report to https://jira.mariadb.org/
InnoDB: If you get repeated assertion failures or crashes, even
InnoDB: immediately after the mysqld startup, there may be
InnoDB: corruption in the InnoDB tablespace. Please refer to
InnoDB: https://mariadb.com/kb/en/library/innodb-recovery-modes/
InnoDB: about forcing recovery.
2023-05-13 19:08:17 0 [Note] Starting MariaDB 10.4.28-MariaDB source revision c8f2e9a5c0ac5905f28b050b7df5a9ffd914b7e7 as process 17744
2023-05-13 19:08:17 0 [Note] InnoDB: Mutexes and rw_locks use Windows interlocked functions
2023-05-13 19:08:17 0 [Note] InnoDB: Uses event mutexes
2023-05-13 19:08:17 0 [Note] InnoDB: Compressed tables use zlib 1.2.12
2023-05-13 19:08:17 0 [Note] InnoDB: Number of pools: 1
2023-05-13 19:08:17 0 [Note] InnoDB: Using SSE2 crc32 instructions
2023-05-13 19:08:17 0 [Note] InnoDB: Initializing buffer pool, total size = 16M, instances = 1, chunk size = 16M
2023-05-13 19:08:17 0 [Note] InnoDB: Completed initialization of buffer pool
2023-05-13 19:08:17 0 [Note] InnoDB: Starting crash recovery from checkpoint LSN=6837241
2023-05-13 19:08:17 0 [Note] InnoDB: 128 out of 128 rollback segments are active.
2023-05-13 19:08:17 0 [Note] InnoDB: Removed temporary tablespace data file: "ibtmp1"
2023-05-13 19:08:17 0 [Note] InnoDB: Creating shared tablespace for temporary tables
2023-05-13 19:08:17 0 [Note] InnoDB: Setting file 'C:\xampp\mysql\data\ibtmp1' size to 12 MB. Physically writing the file full; Please wait ...
2023-05-13 19:08:17 0 [Note] InnoDB: File 'C:\xampp\mysql\data\ibtmp1' size is now 12 MB.
2023-05-13 19:08:17 0 [Note] InnoDB: Waiting for purge to start
2023-05-13 19:08:17 0 [Note] InnoDB: 10.4.28 started; log sequence number 6837266; transaction id 2143
2023-05-13 19:08:17 0 [Note] InnoDB: Loading buffer pool(s) from C:\xampp\mysql\data\ib_buffer_pool
2023-05-13 19:08:17 0 [Note] Plugin 'FEEDBACK' is disabled.
2023-05-13 19:08:17 0 [Note] Server socket created on IP: '::'.
